<?xml version="1.0" encoding="UTF-8"?>
<testng-results skipped="0" failed="0" total="3" passed="3">
  <reporter-output>
  </reporter-output>
  <suite name="Default suite" duration-ms="25" started-at="2018-12-27T06:57:37Z" finished-at="2018-12-27T06:57:37Z">
    <groups>
    </groups>
    <test name="Default test" duration-ms="25" started-at="2018-12-27T06:57:37Z" finished-at="2018-12-27T06:57:37Z">
      <class name="cs.chuTest">
        <test-method status="PASS" signature="chuba(int)[pri:0, instance:cs.chuTest@47fd17e3]" name="chuba" duration-ms="10" started-at="2018-12-27T14:57:37Z" data-provider="test1" finished-at="2018-12-27T14:57:37Z">
          <params>
            <param index="0">
              <value>
                <![CDATA[10]]>
              </value>
            </param>
          </params>
          <reporter-output>
          </reporter-output>
        </test-method> <!-- chuba -->
        <test-method status="PASS" signature="chuba(int)[pri:0, instance:cs.chuTest@47fd17e3]" name="chuba" duration-ms="0" started-at="2018-12-27T14:57:37Z" data-provider="test1" finished-at="2018-12-27T14:57:37Z">
          <params>
            <param index="0">
              <value>
                <![CDATA[10]]>
              </value>
            </param>
          </params>
          <reporter-output>
          </reporter-output>
        </test-method> <!-- chuba -->
        <test-method status="PASS" signature="chushi()[pri:0, instance:cs.chuTest@47fd17e3]" name="chushi" duration-ms="0" started-at="2018-12-27T14:57:37Z" finished-at="2018-12-27T14:57:37Z">
          <reporter-output>
          </reporter-output>
        </test-method> <!-- chushi -->
      </class> <!-- cs.chuTest -->
    </test> <!-- Default test -->
  </suite> <!-- Default suite -->
</testng-results>
